0 info it worked if it ends with ok
1 verbose cli [ 'c:\\node\\node.exe',
1 verbose cli   'c:\\node\\node_modules\\npm\\bin\\npm-cli.js',
1 verbose cli   'run',
1 verbose cli   'start' ]
2 info using npm@3.7.3
3 info using node@v4.3.1
4 verbose stack Error: Failed to parse json
4 verbose stack Unexpected token 's' at 8:6
4 verbose stack     "start": "webpack-dev-server"
4 verbose stack      ^
4 verbose stack     at parseError (c:\node\node_modules\npm\node_modules\read-package-json\read-json.js:379:11)
4 verbose stack     at parseJson (c:\node\node_modules\npm\node_modules\read-package-json\read-json.js:68:23)
4 verbose stack     at c:\node\node_modules\npm\node_modules\read-package-json\read-json.js:48:5
4 verbose stack     at c:\node\node_modules\npm\node_modules\graceful-fs\graceful-fs.js:78:16
4 verbose stack     at FSReqWrap.readFileAfterClose [as oncomplete] (fs.js:380:3)
5 verbose cwd D:\Temp\javascript\react-course
6 error Windows_NT 6.1.7601
7 error argv "c:\\node\\node.exe" "c:\\node\\node_modules\\npm\\bin\\npm-cli.js" "run" "start"
8 error node v4.3.1
9 error npm  v3.7.3
10 error file D:\Temp\javascript\react-course\package.json
11 error code EJSONPARSE
12 error Failed to parse json
12 error Unexpected token 's' at 8:6
12 error     "start": "webpack-dev-server"
12 error      ^
13 error File: D:\Temp\javascript\react-course\package.json
14 error Failed to parse package.json data.
14 error package.json must be actual JSON, not just JavaScript.
14 error
14 error This is not a bug in npm.
14 error Tell the package author to fix their package.json file. JSON.parse
15 verbose exit [ 1, true ]
